[ 2025-06-29 08:10:54,324 ] 1025 httpx - INFO - HTTP Request: GET https://dagshub.com/api/v1/user "HTTP/1.1 200 OK" 
[ 2025-06-29 08:10:54,336 ] 107 dagshub - INFO - Accessing as kshikhar24 
[ 2025-06-29 08:10:54,834 ] 1025 httpx - INFO - HTTP Request: GET https://dagshub.com/api/v1/repos/kshikhar24/NetworkSecurity "HTTP/1.1 200 OK" 
[ 2025-06-29 08:10:55,286 ] 1025 httpx - INFO - HTTP Request: GET https://dagshub.com/api/v1/user "HTTP/1.1 200 OK" 
[ 2025-06-29 08:10:55,290 ] 107 dagshub - INFO - Initialized MLflow to track repo "kshikhar24/NetworkSecurity" 
[ 2025-06-29 08:10:55,292 ] 107 dagshub - INFO - Repository kshikhar24/NetworkSecurity initialized! 
[ 2025-06-29 08:10:55,294 ] 20 root - INFO - Initiate the data ingestion 
[ 2025-06-29 08:10:59,025 ] 66 root - INFO - Performed train test split on the dataframe 
[ 2025-06-29 08:10:59,025 ] 68 root - INFO - Exited split_data_as_train_test method of Data_Ingestion class 
[ 2025-06-29 08:10:59,025 ] 76 root - INFO - Exporting train and test file path. 
[ 2025-06-29 08:10:59,067 ] 85 root - INFO - Exported train and test file path. 
[ 2025-06-29 08:10:59,068 ] 22 root - INFO - Data Initiation Completed 
[ 2025-06-29 08:10:59,097 ] 26 root - INFO - Initiate the data Validation 
[ 2025-06-29 08:10:59,180 ] 32 root - INFO - Required number of columns:2 
[ 2025-06-29 08:10:59,180 ] 33 root - INFO - Data frame has columns:31 
[ 2025-06-29 08:10:59,180 ] 32 root - INFO - Required number of columns:2 
[ 2025-06-29 08:10:59,180 ] 33 root - INFO - Data frame has columns:31 
[ 2025-06-29 08:10:59,295 ] 28 root - INFO - data Validation Completed 
[ 2025-06-29 08:10:59,295 ] 31 root - INFO - data Transformation started 
[ 2025-06-29 08:10:59,296 ] 63 root - INFO - Entered initiate_data_transformation method of DataTransformation class 
[ 2025-06-29 08:10:59,296 ] 65 root - INFO - Starting data transformation 
[ 2025-06-29 08:10:59,314 ] 48 root - INFO - Entered get_data_trnasformer_object method of Trnasformation class 
[ 2025-06-29 08:10:59,314 ] 53 root - INFO - Initialise KNNImputer with {'missing_values': nan, 'n_neighbors': 3, 'weights': 'uniform'} 
[ 2025-06-29 08:10:59,327 ] 46 root - INFO - Entered the save_object method of MainUtils class 
[ 2025-06-29 08:10:59,331 ] 50 root - INFO - Exited the save_object method of MainUtils class 
[ 2025-06-29 08:10:59,331 ] 46 root - INFO - Entered the save_object method of MainUtils class 
[ 2025-06-29 08:10:59,333 ] 50 root - INFO - Exited the save_object method of MainUtils class 
[ 2025-06-29 08:10:59,334 ] 35 root - INFO - data Transformation completed 
[ 2025-06-29 08:10:59,335 ] 37 root - INFO - Model Training sstared 
